
> pentagi@0.2.0 dev
> vite

Port 8000 is in use, trying another one...

  VITE v7.2.2  ready in 984 ms

  ➜  Local:   http://localhost:8001/
  ➜  Network: http://38.242.253.63:8001/
  ➜  Network: http://192.168.0.1:8001/
  ➜  Network: http://172.17.0.1:8001/
  ➜  Network: http://172.31.0.1:8001/
  ➜  Network: http://172.30.0.1:8001/

 ERROR  The request id "/root/pentagi/pentagi/frontend/.env" is outside of Vite serving allow list.


 WARN 
- /root/pentagi/pentagi/frontend

Refer to docs https://vite.dev/config/server-options.html#server-fs-allow for configurations and more details.



 ERROR  The request id "/root/pentagi/pentagi/frontend/.env" is outside of Vite serving allow list.

10:23:24 AM [vite] (client) hmr update /src/pages/offsec/workspace-sections.tsx, /src/styles/index.css
10:23:41 AM [vite] (client) hmr update /src/pages/offsec/workspace-sections.tsx, /src/styles/index.css
10:27:58 AM [vite] (client) hmr update /src/pages/offsec/workspace-sections.tsx, /src/styles/index.css
10:29:13 AM [vite] (client) hmr update /src/pages/offsec/workspace-sections.tsx, /src/styles/index.css
10:29:24 AM [vite] (client) hmr update /src/pages/offsec/workspace-sections.tsx, /src/styles/index.css
10:30:23 AM [vite] (client) hmr update /src/pages/offsec/workspace-sections.tsx, /src/styles/index.css
10:31:23 AM [vite] (client) hmr update /src/pages/offsec/workspace-sections.tsx, /src/styles/index.css
10:31:46 AM [vite] (client) hmr update /src/pages/offsec/workspace-sections.tsx, /src/styles/index.css
10:32:48 AM [vite] (client) hmr update /src/pages/offsec/workspace-sections.tsx, /src/styles/index.css
10:32:59 AM [vite] (client) hmr update /src/pages/offsec/workspace-sections.tsx, /src/styles/index.css
10:34:28 AM [vite] (client) hmr update /src/pages/offsec/workspace-sections.tsx, /src/styles/index.css
10:35:47 AM [vite] (client) hmr update /src/pages/offsec/workspace-sections.tsx, /src/styles/index.css
10:36:03 AM [vite] (client) hmr update /src/pages/offsec/workspace-sections.tsx, /src/styles/index.css
10:38:01 AM [vite] (client) hmr update /src/pages/offsec/workspace-sections.tsx, /src/styles/index.css
10:38:11 AM [vite] (client) hmr update /src/styles/index.css
10:38:13 AM [vite] (client) hmr update /src/pages/flows/flow.tsx, /src/styles/index.css
10:38:15 AM [vite] (client) hmr update /src/features/flows/tasks/flow-tasks.tsx, /src/styles/index.css
10:38:15 AM [vite] (client) hmr update /src/features/flows/tasks/flow-task.tsx, /src/styles/index.css
10:38:17 AM [vite] (client) hmr update /src/styles/index.css, /src/features/flows/tasks/flow-subtask.tsx
10:41:46 AM [vite] (client) hmr update /src/pages/offsec/workspace-sections.tsx, /src/styles/index.css
10:42:18 AM [vite] (client) hmr update /src/pages/offsec/workspace-sections.tsx, /src/styles/index.css
10:42:28 AM [vite] (client) hmr update /src/pages/offsec/workspace-sections.tsx, /src/styles/index.css
10:43:22 AM [vite] (client) hmr update /src/pages/offsec/workspace-sections.tsx, /src/styles/index.css

 ERROR  The request id "/root/pentagi/pentagi/frontend/.env" is outside of Vite serving allow list.

10:48:58 AM [vite] (client) hmr update /src/components/icons/logo.tsx, /src/styles/index.css
10:49:18 AM [vite] (client) hmr update /src/components/icons/logo.tsx, /src/styles/index.css
10:49:37 AM [vite] (client) hmr update /src/styles/index.css, /src/features/authentication/login-form.tsx
10:49:52 AM [vite] (client) hmr update /src/components/icons/logo.tsx, /src/styles/index.css
10:49:52 AM [vite] (client) hmr update /src/styles/index.css, /src/features/authentication/login-form.tsx
10:49:55 AM [vite] (client) hmr update /src/components/icons/logo.tsx, /src/styles/index.css
10:51:28 AM [vite] (client) hmr update /src/pages/offsec/offsec-dashboard.tsx, /src/styles/index.css
10:51:58 AM [vite] (client) hmr update /src/pages/offsec/offsec-dashboard.tsx, /src/styles/index.css
1:00:03 PM [vite] (client) hmr update /src/styles/index.css, /src/features/authentication/login-form.tsx
1:00:19 PM [vite] (client) hmr update /src/components/icons/logo.tsx, /src/styles/index.css
1:00:22 PM [vite] (client) hmr update /src/pages/offsec/offsec-dashboard.tsx, /src/styles/index.css

 ERROR  The request id "/root/pentagi/pentagi/frontend/.env" is outside of Vite serving allow list.


 ERROR  The request id "/root/pentagi/pentagi/frontend/.env" is outside of Vite serving allow list.


 ERROR  The request id "/root/pentagi/pentagi/frontend/.env" is outside of Vite serving allow list.


 ERROR  The request id "/root/pentagi/pentagi/frontend/.env" is outside of Vite serving allow list.


 ERROR  The request id "/root/pentagi/pentagi/frontend/.env" is outside of Vite serving allow list.


 ERROR  The request id "/root/pentagi/pentagi/frontend/.env" is outside of Vite serving allow list.

1:09:34 PM [vite] (client) page reload index.html
1:09:46 PM [vite] (client) page reload index.html
1:09:50 PM [vite] (client) page reload index.html

 ERROR  The request id "/root/pentagi/pentagi/frontend/.env" is outside of Vite serving allow list.


 ERROR  The request id "/root/pentagi/pentagi/frontend/.env" is outside of Vite serving allow list.

1:12:18 PM [vite] (client) hmr update /src/pages/offsec/offsec-dashboard.tsx, /src/styles/index.css
1:13:00 PM [vite] (client) hmr update /src/components/layouts/offsec-sidebar.tsx, /src/styles/index.css
1:13:22 PM [vite] (client) hmr update /src/components/layouts/offsec-sidebar.tsx, /src/styles/index.css
1:13:22 PM [vite] (client) hmr update /src/pages/offsec/offsec-dashboard.tsx, /src/styles/index.css
1:13:36 PM [vite] (client) hmr update /src/pages/offsec/offsec-dashboard.tsx, /src/styles/index.css

 ERROR  The request id "/root/pentagi/pentagi/frontend/.env" is outside of Vite serving allow list.


 ERROR  The request id "/root/pentagi/pentagi/frontend/.env" is outside of Vite serving allow list.

1:14:10 PM [vite] (client) hmr update /src/components/layouts/offsec-sidebar.tsx, /src/styles/index.css
1:15:06 PM [vite] (client) hmr update /src/components/layouts/offsec-sidebar.tsx, /src/styles/index.css
1:15:19 PM [vite] (client) hmr update /src/components/layouts/offsec-sidebar.tsx, /src/styles/index.css
1:15:55 PM [vite] (client) hmr update /src/components/layouts/offsec-sidebar.tsx, /src/styles/index.css
1:17:25 PM [vite] (client) hmr update /src/components/layouts/main-sidebar.tsx, /src/styles/index.css
1:17:38 PM [vite] (client) hmr update /src/components/layouts/main-sidebar.tsx, /src/styles/index.css
1:17:46 PM [vite] (client) hmr update /src/components/layouts/main-sidebar.tsx, /src/styles/index.css

 ERROR  The request id "/root/pentagi/pentagi/frontend/.env" is outside of Vite serving allow list.

1:21:09 PM [vite] (client) hmr update /src/app.tsx, /src/styles/index.css
1:21:40 PM [vite] (client) hmr update /src/components/layouts/main-sidebar.tsx, /src/styles/index.css
1:21:47 PM [vite] (client) hmr update /src/components/layouts/main-sidebar.tsx, /src/styles/index.css
1:21:51 PM [vite] (client) hmr update /src/pages/offsec/xiq-main-dashboard.tsx, /src/styles/index.css
1:21:53 PM [vite] (client) hmr update /src/components/layouts/main-sidebar.tsx, /src/styles/index.css
1:21:53 PM [vite] (client) hmr update /src/app.tsx, /src/styles/index.css

 ERROR  The request id "/root/pentagi/pentagi/frontend/.env" is outside of Vite serving allow list.

1:27:26 PM [vite] (client) hmr update /src/components/layouts/offsec-sidebar.tsx, /src/styles/index.css
1:27:40 PM [vite] (client) hmr update /src/components/layouts/offsec-sidebar.tsx, /src/styles/index.css
1:28:07 PM [vite] (client) hmr update /src/components/layouts/offsec-sidebar.tsx, /src/styles/index.css
1:28:19 PM [vite] (client) hmr update /src/components/layouts/offsec-sidebar.tsx, /src/styles/index.css
1:28:22 PM [vite] (client) hmr update /src/components/layouts/offsec-sidebar.tsx, /src/styles/index.css
1:30:27 PM [vite] (client) hmr update /src/components/layouts/offsec-sidebar.tsx, /src/styles/index.css
1:30:34 PM [vite] (client) hmr update /src/components/layouts/offsec-sidebar.tsx, /src/styles/index.css
1:30:39 PM [vite] (client) hmr update /src/components/layouts/offsec-sidebar.tsx, /src/styles/index.css
1:31:46 PM [vite] (client) hmr update /src/pages/offsec/xiq-main-dashboard.tsx, /src/styles/index.css
1:31:58 PM [vite] (client) hmr update /src/pages/offsec/xiq-main-dashboard.tsx, /src/styles/index.css
1:32:50 PM [vite] (client) hmr update /src/pages/offsec/xiq-main-dashboard.tsx, /src/styles/index.css
1:33:14 PM [vite] (client) hmr update /src/components/layouts/offsec-sidebar.tsx, /src/styles/index.css
1:33:42 PM [vite] (client) hmr update /src/components/layouts/offsec-sidebar.tsx, /src/styles/index.css
1:34:47 PM [vite] (client) hmr update /src/components/layouts/offsec-sidebar.tsx, /src/styles/index.css

 ERROR  The request id "/root/pentagi/pentagi/frontend/.env" is outside of Vite serving allow list.

1:35:03 PM [vite] (client) hmr update /src/components/layouts/offsec-sidebar.tsx, /src/styles/index.css

 ERROR  The request id "/root/pentagi/pentagi/frontend/.env" is outside of Vite serving allow list.


 ERROR  The request id "/root/pentagi/pentagi/frontend/.env" is outside of Vite serving allow list.

